C51 COMPILER V9.50a   IO_LCD                                                               05/22/2019 13:48:18 PAGE 1   


C51 COMPILER V9.50a, COMPILATION OF MODULE IO_LCD
OBJECT MODULE PLACED IN io_lcd.OBJ
COMPILER INVOKED BY: C:\Keil4\C51\BIN\C51.EXE io_lcd.c BROWSE DEBUG OBJECTEXTEND TABS(2)

line level    source

   1          #include<reg51.h>
   2          #include"header.h"
   3          
   4          sbit RS = P3^4;
   5          sbit RW = P3^5;
   6          sbit EN = P3^6;
   7          #if(abc==0)
              void lcd_string(char *s)
              {
                while(*s)
                {       
                  lcd_data(*s);
                  s++;
                }
              }
              #endif
  17          
  18          code unsigned char a[] = {0x04,0x04,0x04,0x05,0x1f,0x1f,0x1f,0x0};
  19          #if(abc==0)
              void custom(void)
              {
                
                 char i;
                 lcd_cmd(0x40);
                 for(i=0;i<8;i++)
                  lcd_data(a[i]);
                lcd_data(0x80);
              }
              #endif
  30          
  31          #if(abc==0)
              void lcd_string_cir(char *s,char j)
              {
                while(*s)
                {       
                  lcd_cmd(0x80+j);    //for circular scrolling
                  lcd_data(*s);
                  s++;
                  j++;
                if(j==16)
                  j=0;
                }
              }
              
              #endif
  46          
  47          #if(abc==1)
  48          void lcd_float(float f)
  49          {    
  50   1        int i=f;
  51   1        lcd_int(f);
  52   1        lcd_data(46);
  53   1        i=i*100;
  54   1        f=(f)*100;
  55   1        f-=i;
C51 COMPILER V9.50a   IO_LCD                                                               05/22/2019 13:48:18 PAGE 2   

  56   1        i=f;
  57   1        lcd_data(i/10+48);
  58   1        lcd_data(i%10+48);
  59   1      }
  60          #endif
  61          
  62          #if(abc==1)
  63          void lcd_int(int a)
  64          {
  65   1        int c=a,b=0,k=10;
  66   1        unsigned char i=0,j;
  67   1        while(c)
  68   1        {
  69   2          c/=10;
  70   2          i++;
  71   2        }
  72   1        c=a;
  73   1        for(j=i;j>2;j--)
  74   1          k *= 10;
  75   1        while(c)
  76   1        {
  77   2          b=(c/k);
  78   2          lcd_data(b%10+48);
  79   2          c = c%k;
  80   2          k/=10;
  81   2        }
  82   1      }
  83          #endif
  84          
  85          #if(abc==1)
  86          void lcd_cmd(unsigned char c)
  87          {
  88   1        P0 = c;
  89   1        RS = 0;
  90   1        RW = 0;
  91   1        EN = 1;
  92   1        delay_ms(2);
  93   1        EN = 0;
  94   1      }
  95          #endif
  96          
  97          #if(abc==1)
  98          void lcd_data(unsigned char d)
  99          {
 100   1        P0 = d;
 101   1        RS = 1;
 102   1        RW = 0;
 103   1        EN = 1;
 104   1        delay_ms(2);
 105   1        EN = 0;
 106   1      }
 107          #endif
 108          
 109          #if(abc==1)
 110          void lcd_init(void)
 111          {
 112   1        lcd_cmd(0x2);
 113   1        lcd_cmd(0x38);
 114   1        lcd_cmd(0xc);
 115   1        lcd_cmd(0x6);
 116   1        lcd_cmd(0x1);
 117   1      }
C51 COMPILER V9.50a   IO_LCD                                                               05/22/2019 13:48:18 PAGE 3   

 118          #endif


MODULE INFORMATION:   STATIC OVERLAYABLE
   CODE SIZE        =    350    ----
   CONSTANT SIZE    =      8    ----
   XDATA SIZE       =   ----    ----
   PDATA SIZE       =   ----    ----
   DATA SIZE        =   ----      12
   IDATA SIZE       =   ----    ----
   BIT SIZE         =   ----    ----
END OF MODULE INFORMATION.


C51 COMPILATION COMPLETE.  0 WARNING(S),  0 ERROR(S)
