C51 COMPILER V9.50a   MAIN_ASMNT                                                           05/21/2019 14:23:46 PAGE 1   


C51 COMPILER V9.50a, COMPILATION OF MODULE MAIN_ASMNT
OBJECT MODULE PLACED IN main_asmnt.OBJ
COMPILER INVOKED BY: C:\Keil\C51\BIN\C51.EXE main_asmnt.c BROWSE DEBUG OBJECTEXTEND TABS(2)

line level    source

   1          #include"header.h"
   2          #include<reg51.h>
   3          
   4          sbit SW = P3^0;
   5          
   6          void main()
   7          {
   8   1          unsigned char ch= 15;
   9   1          while(1)
  10   1          {
  11   2                if( (io_read(PORT3,SW) ) == 0 )
  12   2                { 
  13   3                  delay_ms(50);
  14   3                  while(io_read(PORT3,SW) == 0);
  15   3                  delay_ms(50);
  16   3                  io_byte_write(PORT2,ch--);
  17   3                  delay_ms(50);
  18   3                }
  19   2                if(ch == 0)
  20   2                  ch=15;
  21   2          }
  22   1      }


MODULE INFORMATION:   STATIC OVERLAYABLE
   CODE SIZE        =     81    ----
   CONSTANT SIZE    =   ----    ----
   XDATA SIZE       =   ----    ----
   PDATA SIZE       =   ----    ----
   DATA SIZE        =   ----       1
   IDATA SIZE       =   ----    ----
   BIT SIZE         =   ----    ----
END OF MODULE INFORMATION.


C51 COMPILATION COMPLETE.  0 WARNING(S),  0 ERROR(S)
