C51 COMPILER V9.50a   MAIN_3                                                               05/22/2019 13:50:10 PAGE 1   


C51 COMPILER V9.50a, COMPILATION OF MODULE MAIN_3
OBJECT MODULE PLACED IN main_3.OBJ
COMPILER INVOKED BY: C:\Keil4\C51\BIN\C51.EXE main_3.c BROWSE DEBUG OBJECTEXTEND TABS(2)

line level    source

   1          #include"header.h"
   2          #include<reg51.h>
   3          void main()
   4          {
   5   1        int a=-1234;
   6   1        float b=-23.7471;
   7   1        lcd_init();
   8   1        if(a<0)
   9   1        {
  10   2        lcd_data(45);
  11   2          a=a*(-1);
  12   2        }
  13   1        lcd_int(a);
  14   1        delay_ms(2500);
  15   1        lcd_cmd(0x1);
  16   1        if(b<0)
  17   1        {
  18   2          lcd_data(45);
  19   2          b = b*(-1);
  20   2        }
  21   1        lcd_float(b);
  22   1        while(1);
  23   1      }


MODULE INFORMATION:   STATIC OVERLAYABLE
   CODE SIZE        =    131    ----
   CONSTANT SIZE    =   ----    ----
   XDATA SIZE       =   ----    ----
   PDATA SIZE       =   ----    ----
   DATA SIZE        =   ----       6
   IDATA SIZE       =   ----    ----
   BIT SIZE         =   ----    ----
END OF MODULE INFORMATION.


C51 COMPILATION COMPLETE.  0 WARNING(S),  0 ERROR(S)
