C51 COMPILER V9.50a   IO_DRIVER_ASMNT                                                      05/19/2019 11:10:22 PAGE 1   


C51 COMPILER V9.50a, COMPILATION OF MODULE IO_DRIVER_ASMNT
OBJECT MODULE PLACED IN io_driver_asmnt.OBJ
COMPILER INVOKED BY: C:\Keil\C51\BIN\C51.EXE io_driver_asmnt.c BROWSE DEBUG OBJECTEXTEND TABS(2)

line level    source

   1          #include"header.h"
   2          #include<reg51.h>
   3          int io_read(int PORT,int PIN)
   4          {
   5   1        int stat;
   6   1        switch(PORT)
   7   1        {
   8   2          case PORT0:
   9   2          stat = (P0& (1<<PIN))?1:0;
  10   2          break;
  11   2        case PORT1:
  12   2          stat = (P1 & (1<<PIN))?1:0;
  13   2          break;
  14   2        case PORT2:
  15   2          stat = (P2 & (1<<PIN))?1:0;
  16   2          break;
  17   2        case PORT3:
  18   2          stat = (P3 & (1<<PIN))?1:0;
  19   2          break;
  20   2       }
  21   1        return stat;
  22   1      }
  23          
  24          void io_byte_write(int PORT,int Byte)
  25          {
  26   1        switch(PORT)
  27   1        {
  28   2        //  #if(abc==0)     
  29   2            case PORT0: 
  30   2              P0 = Byte; 
  31   2              break;
  32   2        //  #endif
  33   2          
  34   2        //  #if(abc==0)
  35   2            case PORT1: 
  36   2              P1 = Byte; 
  37   2              break;
  38   2        /*  #endif
  39   2          
  40   2          #if(abc==1)*/
  41   2          case PORT2: 
  42   2            P2 = Byte; 
  43   2            break;
  44   2          /*#endif
  45   2      
  46   2          #if(abc==0)*/
  47   2            case PORT3: 
  48   2              P3 = Byte; 
  49   2              break;
  50   2          //#endif
  51   2        }
  52   1      }
  53          
  54          void io_write(int PORT,int PIN,int VAL)
  55          {
C51 COMPILER V9.50a   IO_DRIVER_ASMNT                                                      05/19/2019 11:10:22 PAGE 2   

  56   1      
  57   1        switch(PORT)
  58   1        {
  59   2          #if(abc==0)
                  case PORT0:
                    if(VAL == 1)    //off
                        P0 |=(1<<PIN);
                    else        //on
                        P0 &=~(1<<PIN);
                    break;
                    #endif
  67   2          
  68   2          #if(abc==0)
                    case PORT1:
                    if(VAL == 1)
                      P1 |=(1<<PIN);
                    else
                      P1 &=~(1<<PIN);
                    break;    
                  #endif
  76   2          
  77   2          #if(abc==1)
  78   2          case PORT2:
  79   2            if(VAL == 1)
  80   2              P2 |= (1<<PIN);
  81   2            else
  82   2              P2 &=~(1<<PIN);
  83   2                break;
  84   2          #endif
  85   2          
  86   2          #if(abc==0)
                  case PORT3:
                    if(VAL == 1)
                      P3 |= (1<<PIN);
                    else
                      P3 &=~(1<<PIN);
                    break;
                  #endif
  94   2        }
  95   1      }  


MODULE INFORMATION:   STATIC OVERLAYABLE
   CODE SIZE        =    245    ----
   CONSTANT SIZE    =   ----    ----
   XDATA SIZE       =   ----    ----
   PDATA SIZE       =   ----    ----
   DATA SIZE        =   ----       2
   IDATA SIZE       =   ----    ----
   BIT SIZE         =   ----    ----
END OF MODULE INFORMATION.


C51 COMPILATION COMPLETE.  0 WARNING(S),  0 ERROR(S)
