C51 COMPILER V9.50a   MAIN                                                                 05/20/2019 14:37:08 PAGE 1   


C51 COMPILER V9.50a, COMPILATION OF MODULE MAIN
OBJECT MODULE PLACED IN main.OBJ
COMPILER INVOKED BY: C:\Keil4\C51\BIN\C51.EXE main.c BROWSE DEBUG OBJECTEXTEND TABS(2)

line level    source

   1          #include"header.h"
   2          #include<reg51.h>
   3          
   4          sbit SW1 = P3^0;
   5          sbit SW2 = P3^1;
   6          sbit SW3 = P3^2;
   7          sbit SW4 = P3^3;
   8          
   9          void main()
  10          { 
  11   1      
  12   1      }


MODULE INFORMATION:   STATIC OVERLAYABLE
   CODE SIZE        =      1    ----
   CONSTANT SIZE    =   ----    ----
   XDATA SIZE       =   ----    ----
   PDATA SIZE       =   ----    ----
   DATA SIZE        =   ----    ----
   IDATA SIZE       =   ----    ----
   BIT SIZE         =   ----    ----
END OF MODULE INFORMATION.


C51 COMPILATION COMPLETE.  0 WARNING(S),  0 ERROR(S)
