C51 COMPILER V9.50a   MAIN_ASMNT                                                           05/19/2019 11:18:58 PAGE 1   


C51 COMPILER V9.50a, COMPILATION OF MODULE MAIN_ASMNT
OBJECT MODULE PLACED IN main_asmnt.OBJ
COMPILER INVOKED BY: C:\Keil\C51\BIN\C51.EXE main_asmnt.c BROWSE DEBUG OBJECTEXTEND TABS(2)

line level    source

   1          #include"header.h"
   2          #include<reg51.h>
   3          
   4          sbit SW = P3^0;
   5          
   6          void main()
   7          {
   8   1          unsigned char ch= 15,i=15;
   9   1          while(1)
  10   1          {
  11   2                if(SW == 0)
  12   2                  io_byte_write(PORT2,ch--);
  13   2                delay_ms(1000);
  14   2                  io_byte_write(PORT2,0xf);
  15   2          }
  16   1                  
  17   1      }


MODULE INFORMATION:   STATIC OVERLAYABLE
   CODE SIZE        =     44    ----
   CONSTANT SIZE    =   ----    ----
   XDATA SIZE       =   ----    ----
   PDATA SIZE       =   ----    ----
   DATA SIZE        =   ----       2
   IDATA SIZE       =   ----    ----
   BIT SIZE         =   ----    ----
END OF MODULE INFORMATION.


C51 COMPILATION COMPLETE.  0 WARNING(S),  0 ERROR(S)
