C51 COMPILER V9.50a   IO_DRIVER                                                            05/21/2019 01:32:13 PAGE 1   


C51 COMPILER V9.50a, COMPILATION OF MODULE IO_DRIVER
OBJECT MODULE PLACED IN io_driver.OBJ
COMPILER INVOKED BY: C:\Keil4\C51\BIN\C51.EXE io_driver.c BROWSE DEBUG OBJECTEXTEND TABS(2)

line level    source

   1          #include"header.h"
   2          #include<reg51.h>
   3          
   4          unsigned int io_read(int PORT,int PIN)
   5          {
   6   1        unsigned int stat;
   7   1        switch(PORT)
   8   1        {
   9   2          case PORT0:
  10   2          stat = (P0 & (1<<PIN))?1:0;
  11   2          break;
  12   2        case PORT1:
  13   2          stat = (P1 & (1<<PIN))?1:0;
  14   2          break;
  15   2        case PORT2:
  16   2          stat = (P2 & (1<<PIN))?1:0;
  17   2          break;
  18   2        case PORT3:
  19   2          stat = (P3 & (1<<PIN))?1:0;
  20   2          break;
  21   2       }
  22   1        return stat;
  23   1      }
  24          
  25          void io_byte_write(int PORT,int Byte)
  26          {
  27   1        switch(PORT)
  28   1        {
  29   2        //  #if(abc==0)     
  30   2            case PORT0: 
  31   2              P0 = Byte; 
  32   2              break;
  33   2        //  #endif
  34   2          
  35   2        //  #if(abc==0)
  36   2            case PORT1: 
  37   2              P1 = Byte; 
  38   2              break;
  39   2        /*  #endif
  40   2          
  41   2          #if(abc==1)*/
  42   2          case PORT2: 
  43   2            P2 = Byte; 
  44   2            break;
  45   2          /*#endif
  46   2      
  47   2          #if(abc==0)*/
  48   2            case PORT3: 
  49   2              P3 = Byte; 
  50   2              break;
  51   2          //#endif
  52   2        }
  53   1      }
  54          
  55          void io_write(int PORT,int PIN,int VAL)
C51 COMPILER V9.50a   IO_DRIVER                                                            05/21/2019 01:32:13 PAGE 2   

  56          {
  57   1      
  58   1        switch(PORT)
  59   1        {
  60   2          #if(abc==0)
                  case PORT0:
                    if(VAL == 1)    //off
                        P0 |=(1<<PIN);
                    else        //on
                        P0 &=~(1<<PIN);
                    break;
                    #endif
  68   2          
  69   2          #if(abc==0)
                    case PORT1:
                    if(VAL == 1)
                      P1 |=(1<<PIN);
                    else
                      P1 &=~(1<<PIN);
                    break;    
                  #endif
  77   2          
  78   2          #if(abc==1)
  79   2          case PORT2:
  80   2            if(VAL == 1)
  81   2              P2 |= (1<<PIN);
  82   2            else
  83   2              P2 &=~(1<<PIN);
  84   2                break;
  85   2          #endif
  86   2          
  87   2          #if(abc==0)
                  case PORT3:
                    if(VAL == 1)
                      P3 |= (1<<PIN);
                    else
                      P3 &=~(1<<PIN);
                    break;
                  #endif
  95   2        }
  96   1      }  


MODULE INFORMATION:   STATIC OVERLAYABLE
   CODE SIZE        =    245    ----
   CONSTANT SIZE    =   ----    ----
   XDATA SIZE       =   ----    ----
   PDATA SIZE       =   ----    ----
   DATA SIZE        =   ----       2
   IDATA SIZE       =   ----    ----
   BIT SIZE         =   ----    ----
END OF MODULE INFORMATION.


C51 COMPILATION COMPLETE.  0 WARNING(S),  0 ERROR(S)
