C51 COMPILER V9.50a   LCD_DRIVER                                                           05/21/2019 01:30:33 PAGE 1   


C51 COMPILER V9.50a, COMPILATION OF MODULE LCD_DRIVER
OBJECT MODULE PLACED IN lcd_driver.OBJ
COMPILER INVOKED BY: C:\Keil4\C51\BIN\C51.EXE lcd_driver.c BROWSE DEBUG OBJECTEXTEND TABS(2)

line level    source

   1          #include<reg51.h>
   2          #include"header.h"
   3          
   4          sbit RS = P3^4;
   5          sbit RW = P3^5;
   6          sbit EN = P3^6;
   7          
   8          void lcd_string(char *s)
   9          {
  10   1        while(*s)
  11   1        {
  12   2          lcd_data(*s++);
  13   2        }
  14   1      }
  15          
  16          
  17          
  18          void lcd_cmd(unsigned char c)
  19          {
  20   1        P0 = c;
  21   1        RS = 0;
  22   1        RW = 0;
  23   1        EN = 1;
  24   1        delay_ms(2);
  25   1        EN = 0;
  26   1      }
  27          
  28          void lcd_data(unsigned char d)
  29          {
  30   1        P0 = d;
  31   1        RS = 1;
  32   1        RW = 0;
  33   1        EN = 1;
  34   1        delay_ms(2);
  35   1        EN = 0;
  36   1      }
  37            void lcd_init(void)
  38          {
  39   1        lcd_cmd(0x2);
  40   1        lcd_cmd(0x38);
  41   1        lcd_cmd(0xc);
  42   1        lcd_cmd(0x6);
  43   1        lcd_cmd(0x1);
  44   1      }


MODULE INFORMATION:   STATIC OVERLAYABLE
   CODE SIZE        =     98    ----
   CONSTANT SIZE    =   ----    ----
   XDATA SIZE       =   ----    ----
   PDATA SIZE       =   ----    ----
   DATA SIZE        =   ----       3
   IDATA SIZE       =   ----    ----
   BIT SIZE         =   ----    ----
END OF MODULE INFORMATION.

C51 COMPILER V9.50a   LCD_DRIVER                                                           05/21/2019 01:30:33 PAGE 2   


C51 COMPILATION COMPLETE.  0 WARNING(S),  0 ERROR(S)
