C51 COMPILER V9.50a   MAIN                                                                 05/21/2019 01:36:50 PAGE 1   


C51 COMPILER V9.50a, COMPILATION OF MODULE MAIN
OBJECT MODULE PLACED IN main.OBJ
COMPILER INVOKED BY: C:\Keil4\C51\BIN\C51.EXE main.c BROWSE DEBUG OBJECTEXTEND TABS(2)

line level    source

   1          #include"header.h"
   2          #include<reg51.h>
   3          #define SW 0
   4          sbit PI = 0xA0^0;
   5          void main()
   6          {
   7   1        unsigned char n=1;
   8   1      //PI = 0x0;
   9   1        lcd_init();
  10   1        while(1)
  11   1        {
  12   2            lcd_data('A');
  13   2          while(11)
  14   2          {
  15   3          for( ;n<60; )
  16   3          {
  17   4            
  18   4            if((io_read(PORT2,SW) )== 0)
  19   4            {
  20   5              lcd_cmd(0x1);
  21   5              delay_ms(50);
  22   5              while(io_read(PORT2,SW) == 0);
  23   5              delay_ms(50);
  24   5              n++;
  25   5              
  26   5              lcd_data(n/10+48);
  27   5                lcd_data(n%10+48);
  28   5                //delay_ms(1000);
  29   5              }
  30   4          }
  31   3              n=1;
  32   3          }
  33   2        }
  34   1      }


MODULE INFORMATION:   STATIC OVERLAYABLE
   CODE SIZE        =     97    ----
   CONSTANT SIZE    =   ----    ----
   XDATA SIZE       =   ----    ----
   PDATA SIZE       =   ----    ----
   DATA SIZE        =   ----       1
   IDATA SIZE       =   ----    ----
   BIT SIZE         =   ----    ----
END OF MODULE INFORMATION.


C51 COMPILATION COMPLETE.  0 WARNING(S),  0 ERROR(S)
