C51 COMPILER V9.50a   IO_TIMER                                                             05/27/2019 15:06:48 PAGE 1   


C51 COMPILER V9.50a, COMPILATION OF MODULE IO_TIMER
OBJECT MODULE PLACED IN io_timer.OBJ
COMPILER INVOKED BY: C:\Keil\C51\BIN\C51.EXE io_timer.c BROWSE DEBUG OBJECTEXTEND

line level    source

   1          #include"header.h"
   2          #include<reg51.h>
   3          #include<intrins.h>
   4          
   5          #if(abc==0)
              void tdelay_1ms()
              {
                      TMOD = 0x0;
                      TH0  = 0xe0;
                      TL0  = 0x18+1;
                      TR0  = 1;
                      while(TF0 == 0);
                      TR0 = 0;
                      TF0 = 0;
                      _nop_();
              }
              #endif
  18          
  19          #if(abc==1)
  20          void tdelay_500us()
  21          {
  22   1              TMOD = 0x1;
  23   1              TH0 = 0xfe;
  24   1              TL0 = 0x19;
  25   1              TR0 = 1;
  26   1              while(TF0 == 0);
  27   1              TR0 = 0;
  28   1              TF0 = 0;
  29   1              _nop_();
  30   1      }
  31          #endif


MODULE INFORMATION:   STATIC OVERLAYABLE
   CODE SIZE        =     20    ----
   CONSTANT SIZE    =   ----    ----
   XDATA SIZE       =   ----    ----
   PDATA SIZE       =   ----    ----
   DATA SIZE        =   ----    ----
   IDATA SIZE       =   ----    ----
   BIT SIZE         =   ----    ----
END OF MODULE INFORMATION.


C51 COMPILATION COMPLETE.  0 WARNING(S),  0 ERROR(S)
