C51 COMPILER V9.50a   KEYPAD                                                               05/27/2019 15:06:48 PAGE 1   


C51 COMPILER V9.50a, COMPILATION OF MODULE KEYPAD
OBJECT MODULE PLACED IN keypad.OBJ
COMPILER INVOKED BY: C:\Keil\C51\BIN\C51.EXE keypad.c BROWSE DEBUG OBJECTEXTEND

line level    source

   1          #include<reg51.h>
   2          #include"header.h"
   3          sbit R0 = P2^0;
   4          sbit R1 = P2^1;
   5          sbit R2 = P2^2;
   6          sbit R3 = P2^3;
   7          
   8          sbit C0 = P2^4;
   9          sbit C1 = P2^5;
  10          sbit C2 = P2^6;
  11          sbit C3 = P2^7;
  12          
  13          char row,col;
  14          
  15          typedef unsigned char U8;
  16          U8 kpd[4][4] = {1,2,3,4,5,6,7,8,9,10,11,12,13,14,15,16};
  17          #if(abc==0)
              U8 keyscan()
              {
                      R0 = R1 = R2 = R3 = 0;
                      C0 = C1 = C2 = C3 =1;
                      while( (C0 & C1 & C2 & C3) == 1);
                      delay_ms(50);
                      R0 =0;
                      R1 = R2 = R3 = 1;
                      if( (C0 & C1 & C2 & C3) == 0)
                      {
                              row=0;
                              goto colcheck;
                      }
                      
                      R0 = R2 = R3 =1;
                      R1 =0;
                      if( (C0 & C1 & C2 & C3) ==0)
                      {
                              row = 1;
                              goto colcheck;
                      }
              
                      R0 = R1 = R3 =1;
                      R2 =0;
                      if( (C0 & C1 & C2 & C3) ==0)
                      {
                              row = 2;
                              goto colcheck;
                      }
              
                      R0 = R1 = R2 =1;
                      R3 =0;
                      if( (C0 & C1 & C2 & C3) ==0)
                      {
                              row = 3;
                              goto colcheck;
                      }                  
              
C51 COMPILER V9.50a   KEYPAD                                                               05/27/2019 15:06:48 PAGE 2   

                      colcheck:
                      if( C0 == 0)
                              col = 0;
                      else if (C1 == 0)
                              col = 1;
                      else if (C2 == 0)
                           col = 2;
                      else 
                              col = 3;
                      while( (C0 & C1 & C2 &C3) == 0);
                              return (kpd[row][col]);
              }
              #endif


MODULE INFORMATION:   STATIC OVERLAYABLE
   CODE SIZE        =   ----    ----
   CONSTANT SIZE    =   ----    ----
   XDATA SIZE       =   ----    ----
   PDATA SIZE       =   ----    ----
   DATA SIZE        =     18    ----
   IDATA SIZE       =   ----    ----
   BIT SIZE         =   ----    ----
END OF MODULE INFORMATION.


C51 COMPILATION COMPLETE.  0 WARNING(S),  0 ERROR(S)
