C51 COMPILER V9.50a   MAIN                                                                 05/27/2019 15:06:48 PAGE 1   


C51 COMPILER V9.50a, COMPILATION OF MODULE MAIN
OBJECT MODULE PLACED IN main.OBJ
COMPILER INVOKED BY: C:\Keil\C51\BIN\C51.EXE main.c BROWSE DEBUG OBJECTEXTEND

line level    source

   1          #include<reg51.h>
   2          #include"header.h"
   3          #define PULSE 0
   4          void main()
   5          {
   6   1              while(1)
   7   1              {
   8   2                      io_write(PORT2,PULSE,LOW);
   9   2                              tdelay_500us();
  10   2                      io_write(PORT2,PULSE,HIGH);
  11   2                              tdelay_500us();
  12   2              }
  13   1      }


MODULE INFORMATION:   STATIC OVERLAYABLE
   CODE SIZE        =     32    ----
   CONSTANT SIZE    =   ----    ----
   XDATA SIZE       =   ----    ----
   PDATA SIZE       =   ----    ----
   DATA SIZE        =   ----    ----
   IDATA SIZE       =   ----    ----
   BIT SIZE         =   ----    ----
END OF MODULE INFORMATION.


C51 COMPILATION COMPLETE.  0 WARNING(S),  0 ERROR(S)
